<?xml version="1.0" encoding="UTF-8"?>
<!-- Generated by org.testng.reporters.JUnitReportReporter -->
<testsuite hostname="DEMON-PC" failures="0" tests="1" name="testCases.TC001_SubmitOrderTest" time="6.132" errors="0" timestamp="2024-09-18T15:58:42 IST" skipped="0">
  <testcase classname="testCases.TC001_SubmitOrderTest" name="submitOrder" time="6.132"/>
</testsuite> <!-- testCases.TC001_SubmitOrderTest -->
