<?xml version="1.0" encoding="UTF-8"?>
<!-- Generated by org.testng.reporters.JUnitReportReporter -->
<testsuite hostname="DEMON-PC" failures="0" tests="1" name="testCases.TC002_ErrorValidationTest" time="4.063" errors="0" timestamp="2024-09-17T07:44:30 IST" skipped="0">
  <testcase classname="testCases.TC002_ErrorValidationTest" name="errorValidation" time="4.063"/>
</testsuite> <!-- testCases.TC002_ErrorValidationTest -->
