<?xml version="1.0" encoding="UTF-8"?>
<!-- Generated by org.testng.reporters.JUnitReportReporter -->
<testsuite hostname="DEMON-PC" failures="0" tests="1" name="testCases.TC003_LogoutTest" time="2.391" errors="0" timestamp="2024-09-18T15:58:42 IST" skipped="0">
  <testcase classname="testCases.TC003_LogoutTest" name="verify_Logout" time="2.391"/>
</testsuite> <!-- testCases.TC003_LogoutTest -->
