<?xml version="1.0" encoding="UTF-8"?>
<!-- Generated by org.testng.reporters.JUnitReportReporter -->
<testsuite hostname="DEMON-PC" failures="0" tests="1" name="testCases.TC001_SubmitOrderTest" time="3.846" errors="0" timestamp="2024-09-15T12:44:16 IST" skipped="0">
  <testcase classname="testCases.TC001_SubmitOrderTest" name="submitOrder" time="3.846"/>
</testsuite> <!-- testCases.TC001_SubmitOrderTest -->
