<?xml version="1.0" encoding="UTF-8"?>
<!-- Generated by org.testng.reporters.JUnitReportReporter -->
<testsuite hostname="DEMON-PC" failures="0" tests="1" name="testCases.TC001_SubmitOrderTest" time="7.721" errors="0" timestamp="2024-09-14T13:50:17 IST" skipped="0">
  <testcase classname="testCases.TC001_SubmitOrderTest" name="submitOrder" time="7.721"/>
</testsuite> <!-- testCases.TC001_SubmitOrderTest -->
