<?xml version="1.0" encoding="UTF-8"?>
<!-- Generated by org.testng.reporters.JUnitReportReporter -->
<testsuite hostname="DEMON-PC" failures="0" tests="1" name="testCases.TC001_SubmitOrderTest" time="9.738" errors="0" timestamp="2024-09-17T07:44:30 IST" skipped="0">
  <testcase classname="testCases.TC001_SubmitOrderTest" name="submitOrder" time="9.738"/>
</testsuite> <!-- testCases.TC001_SubmitOrderTest -->
